e:\gameengine\taro\taro\taro.pch
e:\gameengine\taro\taro\vc142.pdb
e:\gameengine\taro\taro\vc142.idb
e:\gameengine\taro\taro\trpch.obj
e:\gameengine\taro\taro\log.obj
e:\gameengine\taro\taro\application.obj
e:\gameengine\taro\taro\windowswindow.obj
e:\gameengine\taro\bin\debug-windows-x86_64\taro\taro.dll
e:\gameengine\taro\taro\taro.ilk
e:\gameengine\taro\bin\debug-windows-x86_64\taro\taro.pdb
e:\gameengine\taro\bin\debug-windows-x86_64\taro\taro.lib
e:\gameengine\taro\bin\debug-windows-x86_64\taro\taro.exp
e:\gameengine\taro\taro\taro.tlog\cl.command.1.tlog
e:\gameengine\taro\taro\taro.tlog\cl.read.1.tlog
e:\gameengine\taro\taro\taro.tlog\cl.write.1.tlog
e:\gameengine\taro\taro\taro.tlog\link.20060.delete.1.tlog
e:\gameengine\taro\taro\taro.tlog\link.command.1.tlog
e:\gameengine\taro\taro\taro.tlog\link.delete.1.tlog
e:\gameengine\taro\taro\taro.tlog\link.read.1.tlog
e:\gameengine\taro\taro\taro.tlog\link.write.1.tlog
e:\gameengine\taro\taro\taro.tlog\taro.write.1u.tlog
